<?xml version="1.0" encoding="UTF-8"?>
<testsuite name="SecretsTest" tests="8" skipped="0" failures="2" errors="0" timestamp="2026-04-20T14:03:37.982Z" hostname="AT-AL3799MW" time="0.029">
  <properties/>
  <testcase name="flip bits in 38_460" classname="SecretsTest" time="0.016"/>
  <testcase name="set bits in 5" classname="SecretsTest" time="0.0"/>
  <testcase name="set bits in 5_652" classname="SecretsTest" time="0.0"/>
  <testcase name="clear bits from 5" classname="SecretsTest" time="0.005">
    <failure message="org.opentest4j.AssertionFailedError: &#10;expected: 4&#10; but was: 5" type="org.opentest4j.AssertionFailedError">org.opentest4j.AssertionFailedError: 
expected: 4
 but was: 5
	at java.base/jdk.internal.reflect.DirectConstructorHandleAccessor.newInstance(DirectConstructorHandleAccessor.java:62)
	at java.base/java.lang.reflect.Constructor.newInstanceWithCaller(Constructor.java:502)
	at SecretsTest.clearBitsFrom5(SecretsTest.java:56)
	at java.base/java.lang.reflect.Method.invoke(Method.java:580)
	at java.base/java.util.ArrayList.forEach(ArrayList.java:1596)
	at java.base/java.util.ArrayList.forEach(ArrayList.java:1596)
</failure>
  </testcase>
  <testcase name="shift -2_144_333_657 back 3 places" classname="SecretsTest" time="0.001"/>
  <testcase name="flip bits in 5" classname="SecretsTest" time="0.0"/>
  <testcase name="shift 8 back 2 places" classname="SecretsTest" time="0.001"/>
  <testcase name="clear bits from 90" classname="SecretsTest" time="0.0">
    <failure message="org.opentest4j.AssertionFailedError: &#10;expected: 10&#10; but was: 90" type="org.opentest4j.AssertionFailedError">org.opentest4j.AssertionFailedError: 
expected: 10
 but was: 90
	at java.base/jdk.internal.reflect.DirectConstructorHandleAccessor.newInstance(DirectConstructorHandleAccessor.java:62)
	at java.base/java.lang.reflect.Constructor.newInstanceWithCaller(Constructor.java:502)
	at SecretsTest.clearBitsFrom90(SecretsTest.java:63)
	at java.base/java.lang.reflect.Method.invoke(Method.java:580)
	at java.base/java.util.ArrayList.forEach(ArrayList.java:1596)
	at java.base/java.util.ArrayList.forEach(ArrayList.java:1596)
</failure>
  </testcase>
  <system-out><![CDATA[]]></system-out>
  <system-err><![CDATA[]]></system-err>
</testsuite>
