<?xml version="1.0" encoding="UTF-8"?>
<testsuite name="BadgeTest" tests="4" skipped="0" failures="0" errors="0" timestamp="2026-04-16T10:01:51.741Z" hostname="AT-AL3799MW" time="0.025">
  <properties/>
  <testcase name="Printing a badge for the owner" classname="BadgeTest" time="0.018"/>
  <testcase name="Printing a badge for a new employee" classname="BadgeTest" time="0.0"/>
  <testcase name="Printing a badge for an employee" classname="BadgeTest" time="0.001"/>
  <testcase name="Printing a badge for the owner who is a new employee" classname="BadgeTest" time="0.001"/>
  <system-out><![CDATA[]]></system-out>
  <system-err><![CDATA[]]></system-err>
</testsuite>
